{"/home/user/Travel-companion/src/components/ProtectedRoute.jsx": {"path":"/home/user/Travel-companion/src/components/ProtectedRoute.jsx","statementMap":{"0":{"start":{"line":5,"column":23},"end":{"line":5,"column":44}},"1":{"start":{"line":7,"column":2},"end":{"line":8,"column":null}},"2":{"start":{"line":8,"column":4},"end":{"line":8,"column":null}},"3":{"start":{"line":11,"column":2},"end":{"line":12,"column":null}},"4":{"start":{"line":12,"column":4},"end":{"line":12,"column":null}},"5":{"start":{"line":15,"column":2},"end":{"line":15,"column":null}}},"fnMap":{"0":{"name":"ProtectedRoute","decl":{"start":{"line":4,"column":9},"end":{"line":4,"column":24}},"loc":{"start":{"line":4,"column":38},"end":{"line":15,"column":null}},"line":4}},"branchMap":{"0":{"loc":{"start":{"line":7,"column":2},"end":{"line":8,"column":null}},"type":"if","locations":[{"start":{"line":7,"column":2},"end":{"line":8,"column":null}},{"start":{},"end":{}}],"line":7},"1":{"loc":{"start":{"line":11,"column":2},"end":{"line":12,"column":null}},"type":"if","locations":[{"start":{"line":11,"column":2},"end":{"line":12,"column":null}},{"start":{},"end":{}}],"line":11}},"s":{"0":1,"1":1,"2":0,"3":1,"4":1,"5":0},"f":{"0":1},"b":{"0":[0,1],"1":[1,0]},"meta":{"lastBranch":2,"lastFunction":1,"lastStatement":6,"seen":{"f:4:9:4:24":0,"s:5:23:5:44":0,"b:7:2:8:Infinity:undefined:undefined:undefined:undefined":0,"s:7:2:8:Infinity":1,"s:8:4:8:Infinity":2,"b:11:2:12:Infinity:undefined:undefined:undefined:undefined":1,"s:11:2:12:Infinity":3,"s:12:4:12:Infinity":4,"s:15:2:15:Infinity":5}}}
,"/home/user/Travel-companion/src/components/flights/FlightCard.jsx": {"path":"/home/user/Travel-companion/src/components/flights/FlightCard.jsx","statementMap":{"0":{"start":{"line":3,"column":2},"end":{"line":4,"column":null}},"1":{"start":{"line":4,"column":4},"end":{"line":4,"column":null}},"2":{"start":{"line":7,"column":16},"end":{"line":7,"column":null}},"3":{"start":{"line":8,"column":18},"end":{"line":8,"column":null}},"4":{"start":{"line":9,"column":22},"end":{"line":9,"column":45}},"5":{"start":{"line":10,"column":8},"end":{"line":10,"column":null}},"6":{"start":{"line":12,"column":2},"end":{"line":49,"column":null}}},"fnMap":{"0":{"name":"FlightCard","decl":{"start":{"line":1,"column":9},"end":{"line":1,"column":20}},"loc":{"start":{"line":1,"column":32},"end":{"line":49,"column":null}},"line":1}},"branchMap":{"0":{"loc":{"start":{"line":3,"column":2},"end":{"line":4,"column":null}},"type":"if","locations":[{"start":{"line":3,"column":2},"end":{"line":4,"column":null}},{"start":{},"end":{}}],"line":3},"1":{"loc":{"start":{"line":3,"column":6},"end":{"line":3,"column":41}},"type":"binary-expr","locations":[{"start":{"line":3,"column":6},"end":{"line":3,"column":17}},{"start":{"line":3,"column":17},"end":{"line":3,"column":41}}],"line":3},"2":{"loc":{"start":{"line":10,"column":17},"end":{"line":10,"column":49}},"type":"binary-expr","locations":[{"start":{"line":10,"column":17},"end":{"line":10,"column":44}},{"start":{"line":10,"column":44},"end":{"line":10,"column":49}}],"line":10},"3":{"loc":{"start":{"line":15,"column":9},"end":{"line":22,"column":9}},"type":"binary-expr","locations":[{"start":{"line":15,"column":9},"end":{"line":15,"column":null}},{"start":{"line":16,"column":10},"end":{"line":22,"column":9}}],"line":15},"4":{"loc":{"start":{"line":22,"column":13},"end":{"line":22,"column":58}},"type":"binary-expr","locations":[{"start":{"line":22,"column":13},"end":{"line":22,"column":35}},{"start":{"line":22,"column":35},"end":{"line":22,"column":58}}],"line":22},"5":{"loc":{"start":{"line":26,"column":9},"end":{"line":26,"column":41}},"type":"binary-expr","locations":[{"start":{"line":26,"column":9},"end":{"line":26,"column":37}},{"start":{"line":26,"column":37},"end":{"line":26,"column":41}}],"line":26},"6":{"loc":{"start":{"line":26,"column":45},"end":{"line":26,"column":null}},"type":"binary-expr","locations":[{"start":{"line":26,"column":45},"end":{"line":26,"column":78}},{"start":{"line":26,"column":78},"end":{"line":26,"column":null}}],"line":26},"7":{"loc":{"start":{"line":31,"column":9},"end":{"line":33,"column":null}},"type":"cond-expr","locations":[{"start":{"line":32,"column":12},"end":{"line":32,"column":59}},{"start":{"line":33,"column":12},"end":{"line":33,"column":null}}],"line":31},"8":{"loc":{"start":{"line":38,"column":9},"end":{"line":40,"column":null}},"type":"cond-expr","locations":[{"start":{"line":39,"column":12},"end":{"line":39,"column":62}},{"start":{"line":40,"column":12},"end":{"line":40,"column":null}}],"line":38},"9":{"loc":{"start":{"line":43,"column":17},"end":{"line":43,"column":65}},"type":"cond-expr","locations":[{"start":{"line":43,"column":31},"end":{"line":43,"column":42}},{"start":{"line":43,"column":42},"end":{"line":43,"column":65}}],"line":43}},"s":{"0":3,"1":1,"2":2,"3":2,"4":3,"5":3,"6":3},"f":{"0":3},"b":{"0":[1,2],"1":[3,2],"2":[3,0],"3":[3,0],"4":[3,0],"5":[3,0],"6":[3,0],"7":[2,0],"8":[2,0],"9":[2,0]},"meta":{"lastBranch":10,"lastFunction":1,"lastStatement":7,"seen":{"f:1:9:1:20":0,"b:3:2:4:Infinity:undefined:undefined:undefined:undefined":0,"s:3:2:4:Infinity":0,"b:3:6:3:17:3:17:3:41":1,"s:4:4:4:Infinity":1,"s:7:16:7:Infinity":2,"s:8:18:8:Infinity":3,"s:9:22:9:45":4,"s:10:8:10:Infinity":5,"b:10:17:10:44:10:44:10:49":2,"s:12:2:49:Infinity":6,"b:15:9:15:Infinity:16:10:22:9":3,"b:22:13:22:35:22:35:22:58":4,"b:26:9:26:37:26:37:26:41":5,"b:26:45:26:78:26:78:26:Infinity":6,"b:32:12:32:59:33:12:33:Infinity":7,"b:39:12:39:62:40:12:40:Infinity":8,"b:43:31:43:42:43:42:43:65":9}}}
,"/home/user/Travel-companion/src/components/ui/ErrorMessage.jsx": {"path":"/home/user/Travel-companion/src/components/ui/ErrorMessage.jsx","statementMap":{"0":{"start":{"line":2,"column":2},"end":{"line":5,"column":null}}},"fnMap":{"0":{"name":"ErrorMessage","decl":{"start":{"line":1,"column":9},"end":{"line":1,"column":22}},"loc":{"start":{"line":1,"column":35},"end":{"line":5,"column":null}},"line":1}},"branchMap":{},"s":{"0":1},"f":{"0":1},"b":{},"meta":{"lastBranch":0,"lastFunction":1,"lastStatement":1,"seen":{"f:1:9:1:22":0,"s:2:2:5:Infinity":0}}}
,"/home/user/Travel-companion/src/components/ui/HotelCard.jsx": {"path":"/home/user/Travel-companion/src/components/ui/HotelCard.jsx","statementMap":{"0":{"start":{"line":2,"column":2},"end":{"line":2,"column":null}},"1":{"start":{"line":2,"column":14},"end":{"line":2,"column":null}},"2":{"start":{"line":4,"column":2},"end":{"line":23,"column":null}}},"fnMap":{"0":{"name":"HotelCard","decl":{"start":{"line":1,"column":9},"end":{"line":1,"column":19}},"loc":{"start":{"line":1,"column":30},"end":{"line":23,"column":null}},"line":1}},"branchMap":{"0":{"loc":{"start":{"line":2,"column":2},"end":{"line":2,"column":null}},"type":"if","locations":[{"start":{"line":2,"column":2},"end":{"line":2,"column":null}},{"start":{},"end":{}}],"line":2},"1":{"loc":{"start":{"line":8,"column":9},"end":{"line":8,"column":null}},"type":"binary-expr","locations":[{"start":{"line":8,"column":9},"end":{"line":8,"column":26}},{"start":{"line":8,"column":26},"end":{"line":8,"column":null}}],"line":8},"2":{"loc":{"start":{"line":8,"column":30},"end":{"line":8,"column":71}},"type":"cond-expr","locations":[{"start":{"line":8,"column":45},"end":{"line":8,"column":67}},{"start":{"line":8,"column":67},"end":{"line":8,"column":71}}],"line":8},"3":{"loc":{"start":{"line":9,"column":9},"end":{"line":12,"column":null}},"type":"binary-expr","locations":[{"start":{"line":9,"column":9},"end":{"line":9,"column":null}},{"start":{"line":10,"column":10},"end":{"line":12,"column":null}}],"line":9}},"s":{"0":4,"1":1,"2":3},"f":{"0":4},"b":{"0":[1,3],"1":[3,3],"2":[3,0],"3":[4,3]},"meta":{"lastBranch":4,"lastFunction":1,"lastStatement":3,"seen":{"f:1:9:1:19":0,"b:2:2:2:Infinity:undefined:undefined:undefined:undefined":0,"s:2:2:2:Infinity":0,"s:2:14:2:Infinity":1,"s:4:2:23:Infinity":2,"b:8:9:8:26:8:26:8:Infinity":1,"b:8:45:8:67:8:67:8:71":2,"b:9:9:9:Infinity:10:10:12:Infinity":3}}}
,"/home/user/Travel-companion/src/components/ui/Loading.jsx": {"path":"/home/user/Travel-companion/src/components/ui/Loading.jsx","statementMap":{"0":{"start":{"line":2,"column":2},"end":{"line":5,"column":null}}},"fnMap":{"0":{"name":"Loading","decl":{"start":{"line":1,"column":9},"end":{"line":1,"column":17}},"loc":{"start":{"line":1,"column":45},"end":{"line":5,"column":null}},"line":1}},"branchMap":{"0":{"loc":{"start":{"line":1,"column":19},"end":{"line":1,"column":45}},"type":"default-arg","locations":[{"start":{"line":1,"column":29},"end":{"line":1,"column":45}}],"line":1}},"s":{"0":2},"f":{"0":2},"b":{"0":[2]},"meta":{"lastBranch":1,"lastFunction":1,"lastStatement":1,"seen":{"f:1:9:1:17":0,"b:1:29:1:45":0,"s:2:2:5:Infinity":0}}}
,"/home/user/Travel-companion/src/pages/Login.jsx": {"path":"/home/user/Travel-companion/src/pages/Login.jsx","statementMap":{"0":{"start":{"line":5,"column":8},"end":{"line":5,"column":32}},"1":{"start":{"line":8,"column":4},"end":{"line":12,"column":null}},"2":{"start":{"line":9,"column":6},"end":{"line":9,"column":null}},"3":{"start":{"line":10,"column":6},"end":{"line":10,"column":null}},"4":{"start":{"line":12,"column":6},"end":{"line":12,"column":null}},"5":{"start":{"line":16,"column":2},"end":{"line":25,"column":null}}},"fnMap":{"0":{"name":"Login","decl":{"start":{"line":4,"column":9},"end":{"line":4,"column":17}},"loc":{"start":{"line":4,"column":17},"end":{"line":25,"column":null}},"line":4},"1":{"name":"handleLogin","decl":{"start":{"line":7,"column":17},"end":{"line":7,"column":31}},"loc":{"start":{"line":7,"column":31},"end":{"line":12,"column":null}},"line":7}},"branchMap":{},"s":{"0":2,"1":1,"2":1,"3":1,"4":0,"5":2},"f":{"0":2,"1":1},"b":{},"meta":{"lastBranch":0,"lastFunction":2,"lastStatement":6,"seen":{"f:4:9:4:17":0,"s:5:8:5:32":0,"f:7:17:7:31":1,"s:8:4:12:Infinity":1,"s:9:6:9:Infinity":2,"s:10:6:10:Infinity":3,"s:12:6:12:Infinity":4,"s:16:2:25:Infinity":5}}}
,"/home/user/Travel-companion/src/pages/Register.jsx": {"path":"/home/user/Travel-companion/src/pages/Register.jsx","statementMap":{"0":{"start":{"line":5,"column":8},"end":{"line":5,"column":32}},"1":{"start":{"line":7,"column":2},"end":{"line":9,"column":null}},"2":{"start":{"line":8,"column":4},"end":{"line":8,"column":null}},"3":{"start":{"line":11,"column":2},"end":{"line":11,"column":null}}},"fnMap":{"0":{"name":"Register","decl":{"start":{"line":4,"column":9},"end":{"line":4,"column":20}},"loc":{"start":{"line":4,"column":20},"end":{"line":11,"column":null}},"line":4},"1":{"name":"(anonymous_1)","decl":{"start":{"line":7,"column":2},"end":{"line":7,"column":18}},"loc":{"start":{"line":7,"column":18},"end":{"line":9,"column":6}},"line":7}},"branchMap":{},"s":{"0":1,"1":1,"2":1,"3":1},"f":{"0":1,"1":1},"b":{},"meta":{"lastBranch":0,"lastFunction":2,"lastStatement":4,"seen":{"f:4:9:4:20":0,"s:5:8:5:32":0,"s:7:2:9:Infinity":1,"f:7:2:7:18":1,"s:8:4:8:Infinity":2,"s:11:2:11:Infinity":3}}}
}
